# JRE version: OpenJDK Runtime Environment (7.0_79-b14) (build 1.7.0_79-b14)
# Java VM: OpenJDK 64-Bit Server VM (24.79-b02 mixed mode linux-amd64 compressed oops)
Heap
 PSYoungGen      total 186880K, used 24036K [0x00000000eaa80000, 0x00000000f7b00000, 0x0000000100000000)
  eden space 162816K, 0% used [0x00000000eaa80000,0x00000000eaa80000,0x00000000f4980000)
  from space 24064K, 99% used [0x00000000f4980000,0x00000000f60f9338,0x00000000f6100000)
  to   space 23040K, 0% used [0x00000000f6100000,0x00000000f6100000,0x00000000f7780000)
 ParOldGen       total 116736K, used 82598K [0x00000000c0000000, 0x00000000c7200000, 0x00000000eaa80000)
  object space 116736K, 70% used [0x00000000c0000000,0x00000000c50a9840,0x00000000c7200000)
 PSPermGen       total 21504K, used 6004K [0x00000000b5a00000, 0x00000000b6f00000, 0x00000000c0000000)
  object space 21504K, 27% used [0x00000000b5a00000,0x00000000b5fdd198,0x00000000b6f00000)
GC Heap History (10 events):
Event: 10.075 GC heap after
Heap after GC invocations=13 (full 1):
 PSYoungGen      total 143872K, used 15042K [0x00000000eaa80000, 0x00000000f6700000, 0x0000000100000000)
  eden space 125440K, 0% used [0x00000000eaa80000,0x00000000eaa80000,0x00000000f2500000)
  from space 18432K, 81% used [0x00000000f3900000,0x00000000f47b09c0,0x00000000f4b00000)
  to   space 20480K, 0% used [0x00000000f2500000,0x00000000f2500000,0x00000000f3900000)
 ParOldGen       total 44544K, used 44281K [0x00000000c0000000, 0x00000000c2b80000, 0x00000000eaa80000)
  object space 44544K, 99% used [0x00000000c0000000,0x00000000c2b3e650,0x00000000c2b80000)
 PSPermGen       total 21504K, used 5931K [0x00000000b5a00000, 0x00000000b6f00000, 0x00000000c0000000)
  object space 21504K, 27% used [0x00000000b5a00000,0x00000000b5fcae70,0x00000000b6f00000)
}
Event: 10.076 GC heap before
{Heap before GC invocations=14 (full 2):
 PSYoungGen      total 143872K, used 15042K [0x00000000eaa80000, 0x00000000f6700000, 0x0000000100000000)
  eden space 125440K, 0% used [0x00000000eaa80000,0x00000000eaa80000,0x00000000f2500000)
  from space 18432K, 81% used [0x00000000f3900000,0x00000000f47b09c0,0x00000000f4b00000)
  to   space 20480K, 0% used [0x00000000f2500000,0x00000000f2500000,0x00000000f3900000)
 ParOldGen       total 44544K, used 44281K [0x00000000c0000000, 0x00000000c2b80000, 0x00000000eaa80000)
  object space 44544K, 99% used [0x00000000c0000000,0x00000000c2b3e650,0x00000000c2b80000)
 PSPermGen       total 21504K, used 5931K [0x00000000b5a00000, 0x00000000b6f00000, 0x00000000c0000000)
  object space 21504K, 27% used [0x00000000b5a00000,0x00000000b5fcae70,0x00000000b6f00000)
Event: 10.773 GC heap after
Heap after GC invocations=14 (full 2):
 PSYoungGen      total 143872K, used 4762K [0x00000000eaa80000, 0x00000000f6700000, 0x0000000100000000)
  eden space 125440K, 0% used [0x00000000eaa80000,0x00000000eaa80000,0x00000000f2500000)
  from space 18432K, 25% used [0x00000000f3900000,0x00000000f3da6888,0x00000000f4b00000)
  to   space 20480K, 0% used [0x00000000f2500000,0x00000000f2500000,0x00000000f3900000)
 ParOldGen       total 74752K, used 44335K [0x00000000c0000000, 0x00000000c4900000, 0x00000000eaa80000)
  object space 74752K, 59% used [0x00000000c0000000,0x00000000c2b4bf48,0x00000000c4900000)
 PSPermGen       total 21504K, used 5931K [0x00000000b5a00000, 0x00000000b6f00000, 0x00000000c0000000)
  object space 21504K, 27% used [0x00000000b5a00000,0x00000000b5fcac50,0x00000000b6f00000)
}
Event: 11.537 GC heap before
{Heap before GC invocations=15 (full 2):
 PSYoungGen      total 143872K, used 130202K [0x00000000eaa80000, 0x00000000f6700000, 0x0000000100000000)
  eden space 125440K, 100% used [0x00000000eaa80000,0x00000000f2500000,0x00000000f2500000)
  from space 18432K, 25% used [0x00000000f3900000,0x00000000f3da6888,0x00000000f4b00000)
  to   space 20480K, 0% used [0x00000000f2500000,0x00000000f2500000,0x00000000f3900000)
 ParOldGen       total 74752K, used 44335K [0x00000000c0000000, 0x00000000c4900000, 0x00000000eaa80000)
  object space 74752K, 59% used [0x00000000c0000000,0x00000000c2b4bf48,0x00000000c4900000)
 PSPermGen       total 21504K, used 5987K [0x00000000b5a00000, 0x00000000b6f00000, 0x00000000c0000000)
  object space 21504K, 27% used [0x00000000b5a00000,0x00000000b5fd8fe0,0x00000000b6f00000)
Event: 11.672 GC heap after
Heap after GC invocations=15 (full 2):
 PSYoungGen      total 145920K, used 18272K [0x00000000eaa80000, 0x00000000f7780000, 0x0000000100000000)
  eden space 125440K, 0% used [0x00000000eaa80000,0x00000000eaa80000,0x00000000f2500000)
  from space 20480K, 89% used [0x00000000f2500000,0x00000000f36d81a0,0x00000000f3900000)
  to   space 23040K, 0% used [0x00000000f6100000,0x00000000f6100000,0x00000000f7780000)
 ParOldGen       total 74752K, used 48951K [0x00000000c0000000, 0x00000000c4900000, 0x00000000eaa80000)
  object space 74752K, 65% used [0x00000000c0000000,0x00000000c2fcdf48,0x00000000c4900000)
 PSPermGen       total 21504K, used 5987K [0x00000000b5a00000, 0x00000000b6f00000, 0x00000000c0000000)
  object space 21504K, 27% used [0x00000000b5a00000,0x00000000b5fd8fe0,0x00000000b6f00000)
}
Event: 12.426 GC heap before
{Heap before GC invocations=16 (full 2):
 PSYoungGen      total 145920K, used 143712K [0x00000000eaa80000, 0x00000000f7780000, 0x0000000100000000)
  eden space 125440K, 100% used [0x00000000eaa80000,0x00000000f2500000,0x00000000f2500000)
  from space 20480K, 89% used [0x00000000f2500000,0x00000000f36d81a0,0x00000000f3900000)
  to   space 23040K, 0% used [0x00000000f6100000,0x00000000f6100000,0x00000000f7780000)
 ParOldGen       total 74752K, used 48951K [0x00000000c0000000, 0x00000000c4900000, 0x00000000eaa80000)
  object space 74752K, 65% used [0x00000000c0000000,0x00000000c2fcdf48,0x00000000c4900000)
 PSPermGen       total 21504K, used 6000K [0x00000000b5a00000, 0x00000000b6f00000, 0x00000000c0000000)
  object space 21504K, 27% used [0x00000000b5a00000,0x00000000b5fdc148,0x00000000b6f00000)
Event: 12.570 GC heap after
Heap after GC invocations=16 (full 2):
 PSYoungGen      total 185856K, used 16438K [0x00000000eaa80000, 0x00000000f7b00000, 0x0000000100000000)
  eden space 162816K, 0% used [0x00000000eaa80000,0x00000000eaa80000,0x00000000f4980000)
  from space 23040K, 71% used [0x00000000f6100000,0x00000000f710dbc0,0x00000000f7780000)
  to   space 24064K, 0% used [0x00000000f4980000,0x00000000f4980000,0x00000000f6100000)
 ParOldGen       total 74752K, used 66707K [0x00000000c0000000, 0x00000000c4900000, 0x00000000eaa80000)
  object space 74752K, 89% used [0x00000000c0000000,0x00000000c4124f30,0x00000000c4900000)
 PSPermGen       total 21504K, used 6000K [0x00000000b5a00000, 0x00000000b6f00000, 0x00000000c0000000)
  object space 21504K, 27% used [0x00000000b5a00000,0x00000000b5fdc148,0x00000000b6f00000)
}
Event: 12.570 GC heap before
{Heap before GC invocations=17 (full 3):
 PSYoungGen      total 185856K, used 16438K [0x00000000eaa80000, 0x00000000f7b00000, 0x0000000100000000)
  eden space 162816K, 0% used [0x00000000eaa80000,0x00000000eaa80000,0x00000000f4980000)
  from space 23040K, 71% used [0x00000000f6100000,0x00000000f710dbc0,0x00000000f7780000)
  to   space 24064K, 0% used [0x00000000f4980000,0x00000000f4980000,0x00000000f6100000)
 ParOldGen       total 74752K, used 66707K [0x00000000c0000000, 0x00000000c4900000, 0x00000000eaa80000)
  object space 74752K, 89% used [0x00000000c0000000,0x00000000c4124f30,0x00000000c4900000)
 PSPermGen       total 21504K, used 6000K [0x00000000b5a00000, 0x00000000b6f00000, 0x00000000c0000000)
  object space 21504K, 27% used [0x00000000b5a00000,0x00000000b5fdc148,0x00000000b6f00000)
Event: 13.152 GC heap after
Heap after GC invocations=17 (full 3):
 PSYoungGen      total 185856K, used 7620K [0x00000000eaa80000, 0x00000000f7b00000, 0x0000000100000000)
  eden space 162816K, 0% used [0x00000000eaa80000,0x00000000eaa80000,0x00000000f4980000)
  from space 23040K, 33% used [0x00000000f6100000,0x00000000f68712d8,0x00000000f7780000)
  to   space 24064K, 0% used [0x00000000f4980000,0x00000000f4980000,0x00000000f6100000)
 ParOldGen       total 116736K, used 74745K [0x00000000c0000000, 0x00000000c7200000, 0x00000000eaa80000)
  object space 116736K, 64% used [0x00000000c0000000,0x00000000c48fe590,0x00000000c7200000)
 PSPermGen       total 21504K, used 5999K [0x00000000b5a00000, 0x00000000b6f00000, 0x00000000c0000000)
  object space 21504K, 27% used [0x00000000b5a00000,0x00000000b5fdbf48,0x00000000b6f00000)
}
Event: 14.176 GC heap before
{Heap before GC invocations=18 (full 3):
 PSYoungGen      total 185856K, used 170436K [0x00000000eaa80000, 0x00000000f7b00000, 0x0000000100000000)
  eden space 162816K, 100% used [0x00000000eaa80000,0x00000000f4980000,0x00000000f4980000)
  from space 23040K, 33% used [0x00000000f6100000,0x00000000f68712d8,0x00000000f7780000)
  to   space 24064K, 0% used [0x00000000f4980000,0x00000000f4980000,0x00000000f6100000)
 ParOldGen       total 116736K, used 74745K [0x00000000c0000000, 0x00000000c7200000, 0x00000000eaa80000)
  object space 116736K, 64% used [0x00000000c0000000,0x00000000c48fe590,0x00000000c7200000)
 PSPermGen       total 21504K, used 6004K [0x00000000b5a00000, 0x00000000b6f00000, 0x00000000c0000000)
  object space 21504K, 27% used [0x00000000b5a00000,0x00000000b5fdd198,0x00000000b6f00000)

